Reading netlist file: "C:\Users\tzh\Desktop\cqg_hdmi\impl\gwsynthesis\1_HDMI.vg"
Parsing netlist file "C:\Users\tzh\Desktop\cqg_hdmi\impl\gwsynthesis\1_HDMI.vg" completed
Processing netlist completed
Reading constraint file: "C:\Users\tzh\Desktop\cqg_hdmi\src\1_HDMI.cst"
Physical Constraint parsed completed
Running placement......
[10%] Placement Phase 0 completed
[20%] Placement Phase 1 completed
[30%] Placement Phase 2 completed
[50%] Placement Phase 3 completed
Running routing......
[60%] Routing Phase 0 completed
[70%] Routing Phase 1 completed
[80%] Routing Phase 2 completed
[90%] Routing Phase 3 completed
Running timing analysis......
[95%] Timing analysis completed
Placement and routing completed
Bitstream generation in progress......
Bitstream generation completed
Running power analysis......
[100%] Power analysis completed
Generate file "C:\Users\tzh\Desktop\cqg_hdmi\impl\pnr\1_HDMI.power.html" completed
Generate file "C:\Users\tzh\Desktop\cqg_hdmi\impl\pnr\1_HDMI.pin.html" completed
Generate file "C:\Users\tzh\Desktop\cqg_hdmi\impl\pnr\1_HDMI.rpt.html" completed
Generate file "C:\Users\tzh\Desktop\cqg_hdmi\impl\pnr\1_HDMI.rpt.txt" completed
Generate file "C:\Users\tzh\Desktop\cqg_hdmi\impl\pnr\1_HDMI.tr.html" completed
Mon Mar 17 14:11:36 2025

