GowinSynthesis start
Running parser ...
Analyzing Verilog file 'C:\Users\tzh\Desktop\cqg_hdmi\src\HDMI_Top.v'
Undeclared symbol 'VGA_DE', assumed default net type 'wire'("C:\Users\tzh\Desktop\cqg_hdmi\src\HDMI_Top.v":42)
Undeclared symbol 'VGA_HS', assumed default net type 'wire'("C:\Users\tzh\Desktop\cqg_hdmi\src\HDMI_Top.v":43)
Undeclared symbol 'VGA_VS', assumed default net type 'wire'("C:\Users\tzh\Desktop\cqg_hdmi\src\HDMI_Top.v":44)
Analyzing Verilog file 'C:\Users\tzh\Desktop\cqg_hdmi\src\VGA_Ctrl.v'
Analyzing Verilog file 'C:\Users\tzh\Desktop\cqg_hdmi\src\dvi_tx\dvi_tx.v'
Analyzing Verilog file 'C:\Users\tzh\Desktop\cqg_hdmi\src\gowin_clkdiv\gowin_clkdiv.v'
Analyzing Verilog file 'C:\Users\tzh\Desktop\cqg_hdmi\src\gowin_rpll\gowin_rpll.v'
Analyzing Verilog file 'C:\software_tzh\Gowin\Gowin_V1.9.9_x64\IDE\data\ipcores\GAO\GW_AO_0\gw_ao_crc32.v'
Analyzing Verilog file 'C:\software_tzh\Gowin\Gowin_V1.9.9_x64\IDE\data\ipcores\GAO\GW_AO_0\gw_ao_match.v'
Analyzing included file 'C:\software_tzh\Gowin\Gowin_V1.9.9_x64\IDE\data\ipcores\GAO\GW_AO_0\gw_ao_define.v'("C:\software_tzh\Gowin\Gowin_V1.9.9_x64\IDE\data\ipcores\GAO\GW_AO_0\gw_ao_match.v":327)
Back to file 'C:\software_tzh\Gowin\Gowin_V1.9.9_x64\IDE\data\ipcores\GAO\GW_AO_0\gw_ao_match.v'("C:\software_tzh\Gowin\Gowin_V1.9.9_x64\IDE\data\ipcores\GAO\GW_AO_0\gw_ao_match.v":327)
Analyzing Verilog file 'C:\software_tzh\Gowin\Gowin_V1.9.9_x64\IDE\data\ipcores\GAO\GW_AO_0\gw_ao_mem_ctrl.v'
Analyzing included file 'C:\Users\tzh\Desktop\cqg_hdmi\impl\gwsynthesis\RTL_GAO\ao_0\gw_ao_top_define.v'("C:\software_tzh\Gowin\Gowin_V1.9.9_x64\IDE\data\ipcores\GAO\GW_AO_0\gw_ao_mem_ctrl.v":150)
Back to file 'C:\software_tzh\Gowin\Gowin_V1.9.9_x64\IDE\data\ipcores\GAO\GW_AO_0\gw_ao_mem_ctrl.v'("C:\software_tzh\Gowin\Gowin_V1.9.9_x64\IDE\data\ipcores\GAO\GW_AO_0\gw_ao_mem_ctrl.v":150)
Analyzing Verilog file 'C:\software_tzh\Gowin\Gowin_V1.9.9_x64\IDE\data\ipcores\GAO\GW_AO_0\gw_ao_top.v'
Analyzing included file 'C:\software_tzh\Gowin\Gowin_V1.9.9_x64\IDE\data\ipcores\GAO\GW_AO_0\gw_ao_define.v'("C:\software_tzh\Gowin\Gowin_V1.9.9_x64\IDE\data\ipcores\GAO\GW_AO_0\gw_ao_top.v":2738)
Back to file 'C:\software_tzh\Gowin\Gowin_V1.9.9_x64\IDE\data\ipcores\GAO\GW_AO_0\gw_ao_top.v'("C:\software_tzh\Gowin\Gowin_V1.9.9_x64\IDE\data\ipcores\GAO\GW_AO_0\gw_ao_top.v":2738)
Analyzing included file 'C:\Users\tzh\Desktop\cqg_hdmi\impl\gwsynthesis\RTL_GAO\ao_0\gw_ao_top_define.v'("C:\software_tzh\Gowin\Gowin_V1.9.9_x64\IDE\data\ipcores\GAO\GW_AO_0\gw_ao_top.v":2738)
Back to file 'C:\software_tzh\Gowin\Gowin_V1.9.9_x64\IDE\data\ipcores\GAO\GW_AO_0\gw_ao_top.v'("C:\software_tzh\Gowin\Gowin_V1.9.9_x64\IDE\data\ipcores\GAO\GW_AO_0\gw_ao_top.v":2738)
Analyzing included file 'C:\Users\tzh\Desktop\cqg_hdmi\impl\gwsynthesis\RTL_GAO\ao_0\gw_ao_expression.v'("C:\software_tzh\Gowin\Gowin_V1.9.9_x64\IDE\data\ipcores\GAO\GW_AO_0\gw_ao_top.v":2738)
Back to file 'C:\software_tzh\Gowin\Gowin_V1.9.9_x64\IDE\data\ipcores\GAO\GW_AO_0\gw_ao_top.v'("C:\software_tzh\Gowin\Gowin_V1.9.9_x64\IDE\data\ipcores\GAO\GW_AO_0\gw_ao_top.v":2738)
Analyzing included file 'C:\Users\tzh\Desktop\cqg_hdmi\impl\gwsynthesis\RTL_GAO\ao_0\gw_ao_parameter.v'("C:\software_tzh\Gowin\Gowin_V1.9.9_x64\IDE\data\ipcores\GAO\GW_AO_0\gw_ao_top.v":2738)
Back to file 'C:\software_tzh\Gowin\Gowin_V1.9.9_x64\IDE\data\ipcores\GAO\GW_AO_0\gw_ao_top.v'("C:\software_tzh\Gowin\Gowin_V1.9.9_x64\IDE\data\ipcores\GAO\GW_AO_0\gw_ao_top.v":2738)
Analyzing Verilog file 'C:\software_tzh\Gowin\Gowin_V1.9.9_x64\IDE\data\ipcores\GAO\GW_CON\gw_con_top.v'
Analyzing included file 'C:\Users\tzh\Desktop\cqg_hdmi\impl\gwsynthesis\RTL_GAO\ao_control\gw_con_top_define.v'("C:\software_tzh\Gowin\Gowin_V1.9.9_x64\IDE\data\ipcores\GAO\GW_CON\gw_con_top.v":377)
Back to file 'C:\software_tzh\Gowin\Gowin_V1.9.9_x64\IDE\data\ipcores\GAO\GW_CON\gw_con_top.v'("C:\software_tzh\Gowin\Gowin_V1.9.9_x64\IDE\data\ipcores\GAO\GW_CON\gw_con_top.v":377)
Analyzing included file 'C:\Users\tzh\Desktop\cqg_hdmi\impl\gwsynthesis\RTL_GAO\ao_control\gw_con_parameter.v'("C:\software_tzh\Gowin\Gowin_V1.9.9_x64\IDE\data\ipcores\GAO\GW_CON\gw_con_top.v":377)
Back to file 'C:\software_tzh\Gowin\Gowin_V1.9.9_x64\IDE\data\ipcores\GAO\GW_CON\gw_con_top.v'("C:\software_tzh\Gowin\Gowin_V1.9.9_x64\IDE\data\ipcores\GAO\GW_CON\gw_con_top.v":377)
Analyzing Verilog file 'C:\software_tzh\Gowin\Gowin_V1.9.9_x64\IDE\data\ipcores\gw_jtag.v'
Analyzing Verilog file 'C:\Users\tzh\Desktop\cqg_hdmi\impl\gwsynthesis\RTL_GAO\gw_gao_top.v'
Compiling module 'HDMI_Top'("C:\Users\tzh\Desktop\cqg_hdmi\src\HDMI_Top.v":1)
Compiling module 'Gowin_rPLL'("C:\Users\tzh\Desktop\cqg_hdmi\src\gowin_rpll\gowin_rpll.v":10)
Compiling module 'Gowin_CLKDIV'("C:\Users\tzh\Desktop\cqg_hdmi\src\gowin_clkdiv\gowin_clkdiv.v":10)
Compiling module 'VGA_Ctrl'("C:\Users\tzh\Desktop\cqg_hdmi\src\VGA_Ctrl.v":1)
Compiling module 'HDMI_Ctrl'("C:\Users\tzh\Desktop\cqg_hdmi\src\dvi_tx\dvi_tx.v":1044)
Compiling module '**'("C:\Users\tzh\Desktop\cqg_hdmi\src\dvi_tx\dvi_tx.v":0)
Compiling module '**'("C:\Users\tzh\Desktop\cqg_hdmi\src\dvi_tx\dvi_tx.v":0)
Compiling module '**'("C:\Users\tzh\Desktop\cqg_hdmi\src\dvi_tx\dvi_tx.v":0)
Compiling module '**'("C:\Users\tzh\Desktop\cqg_hdmi\src\dvi_tx\dvi_tx.v":0)
Compiling module '**'("C:\software_tzh\Gowin\Gowin_V1.9.9_x64\IDE\data\ipcores\GAO\GW_AO_0\gw_ao_crc32.v":0)
Compiling module '**'("C:\software_tzh\Gowin\Gowin_V1.9.9_x64\IDE\data\ipcores\GAO\GW_AO_0\gw_ao_match.v":0)
Compiling module '**'("C:\software_tzh\Gowin\Gowin_V1.9.9_x64\IDE\data\ipcores\GAO\GW_AO_0\gw_ao_mem_ctrl.v":0)
Extracting RAM for identifier '**'("C:\software_tzh\Gowin\Gowin_V1.9.9_x64\IDE\data\ipcores\GAO\GW_AO_0\gw_ao_mem_ctrl.v":0)
Compiling module '**'("C:\software_tzh\Gowin\Gowin_V1.9.9_x64\IDE\data\ipcores\GAO\GW_AO_0\gw_ao_top.v":0)
Compiling module '**'("C:\software_tzh\Gowin\Gowin_V1.9.9_x64\IDE\data\ipcores\GAO\GW_AO_0\gw_ao_mem_ctrl.v":0)
Extracting RAM for identifier '**'("C:\software_tzh\Gowin\Gowin_V1.9.9_x64\IDE\data\ipcores\GAO\GW_AO_0\gw_ao_mem_ctrl.v":0)
Compiling module '**'("C:\software_tzh\Gowin\Gowin_V1.9.9_x64\IDE\data\ipcores\GAO\GW_AO_0\gw_ao_match.v":0)
Compiling module '**'("C:\software_tzh\Gowin\Gowin_V1.9.9_x64\IDE\data\ipcores\GAO\GW_CON\gw_con_top.v":0)
Compiling module 'GW_JTAG'("C:\software_tzh\Gowin\Gowin_V1.9.9_x64\IDE\data\ipcores\gw_jtag.v":1)
Compiling module 'gw_gao'("C:\Users\tzh\Desktop\cqg_hdmi\impl\gwsynthesis\RTL_GAO\gw_gao_top.v":1)
Trying to combine GAO to RTL design
NOTE  (EX0101) : Current top module is "HDMI_Top"
[5%] Running netlist conversion ...
Running device independent optimization ...
[10%] Optimizing Phase 0 completed
[15%] Optimizing Phase 1 completed
[25%] Optimizing Phase 2 completed
Running inference ...
[30%] Inferring Phase 0 completed
[40%] Inferring Phase 1 completed
[50%] Inferring Phase 2 completed
[55%] Inferring Phase 3 completed
Running technical mapping ...
[60%] Tech-Mapping Phase 0 completed
[65%] Tech-Mapping Phase 1 completed
[75%] Tech-Mapping Phase 2 completed
[80%] Tech-Mapping Phase 3 completed
[90%] Tech-Mapping Phase 4 completed
[95%] Generate netlist file "C:\Users\tzh\Desktop\cqg_hdmi\impl\gwsynthesis\1_HDMI.vg" completed
[100%] Generate report file "C:\Users\tzh\Desktop\cqg_hdmi\impl\gwsynthesis\1_HDMI_syn.rpt.html" completed
GowinSynthesis finish
