Reading netlist file: "E:\FPGA\GaoYun\cqg_hdmi\cqg_hdmi\impl\gwsynthesis\1_HDMI.vg"
Parsing netlist file "E:\FPGA\GaoYun\cqg_hdmi\cqg_hdmi\impl\gwsynthesis\1_HDMI.vg" completed
Processing netlist completed
Reading constraint file: "E:\FPGA\GaoYun\cqg_hdmi\cqg_hdmi\src\1_HDMI.cst"
Physical Constraint parsed completed
Running placement......
[10%] Placement Phase 0 completed
[20%] Placement Phase 1 completed
[30%] Placement Phase 2 completed
WARN  (TA1132) :  'tck_pad_i' was determined to be a clock but was not created.
WARN  (TA1132) :  'Gowin_CLKDIV_inst/clkdiv_inst/CLKOUT.default_gen_clk' was determined to be a clock but was not created.
[50%] Placement Phase 3 completed
Running routing......
[60%] Routing Phase 0 completed
[70%] Routing Phase 1 completed
[80%] Routing Phase 2 completed
[90%] Routing Phase 3 completed
Running timing analysis......
[95%] Timing analysis completed
Placement and routing completed
Bitstream generation in progress......
Bitstream generation completed
Running power analysis......
[100%] Power analysis completed
Generate file "E:\FPGA\GaoYun\cqg_hdmi\cqg_hdmi\impl\pnr\1_HDMI.power.html" completed
Generate file "E:\FPGA\GaoYun\cqg_hdmi\cqg_hdmi\impl\pnr\1_HDMI.pin.html" completed
Generate file "E:\FPGA\GaoYun\cqg_hdmi\cqg_hdmi\impl\pnr\1_HDMI.rpt.html" completed
Generate file "E:\FPGA\GaoYun\cqg_hdmi\cqg_hdmi\impl\pnr\1_HDMI.rpt.txt" completed
Generate file "E:\FPGA\GaoYun\cqg_hdmi\cqg_hdmi\impl\pnr\1_HDMI.tr.html" completed
Wed Apr  2 13:02:51 2025

